<?xml version="1.0" encoding="UTF-8"?>
<!-- Generated by org.testng.reporters.JUnitXMLReporter -->
<testsuite ignored="5" hostname="DESKTOP-TTSDGRR" failures="1" tests="5" name="parameter testing grouping" time="90.576" errors="0" timestamp="2023-04-25T19:44:22 IST">
  <testcase classname="com.qalegendbilling.testscript.UsersTest" name="TC_010_verifyUsersPageTitle" time="6.738"/>
  <testcase classname="com.qalegendbilling.testscript.UsersTest" name="TC_011_verifyUserSearchWithValidData" time="8.836">
    <failure type="java.lang.NullPointerException" message="Cannot invoke &amp;quot;com.qalegendbilling.pages.AddUserPage.enterFirstName(String)&amp;quot; because &amp;quot;this.adduser&amp;quot; is null">
      <![CDATA[java.lang.NullPointerException: Cannot invoke "com.qalegendbilling.pages.AddUserPage.enterFirstName(String)" because "this.adduser" is null
at com.qalegendbilling.testscript.UsersTest.TC_011_verifyUserSearchWithValidData(UsersTest.java:65)
at java.base/java.util.ArrayList.forEach(ArrayList.java:1511)
... Removed 27 stack frames]]>
    </failure>
  </testcase> <!-- TC_011_verifyUserSearchWithValidData -->
  <testcase classname="com.qalegendbilling.testscript.HomeTest" name="TC_006_verifyHomePageTitle" time="4.1"/>
  <testcase classname="com.qalegendbilling.testscript.HomeTest" name="TC_008_verifyWhetherUserIsAbleToSignout" time="5.142"/>
  <testcase classname="com.qalegendbilling.testscript.HomeTest" name="TC_009_verifyUserManagementSubTabs" time="3.975"/>
  <testcase classname="com.qalegendbilling.testscript.LoginTest" name="TC_002_verifyUserLoginWithValidUserCredentials" time="0.0">
    <ignored/>
  </testcase> <!-- TC_002_verifyUserLoginWithValidUserCredentials -->
  <testcase classname="com.qalegendbilling.testscript.LoginTest" name="TC_001_verifyLoginPageTitle" time="0.0">
    <ignored/>
  </testcase> <!-- TC_001_verifyLoginPageTitle -->
  <testcase classname="com.qalegendbilling.testscript.LoginTest" name="TC_005_verifyResetPassword" time="0.0">
    <ignored/>
  </testcase> <!-- TC_005_verifyResetPassword -->
  <testcase classname="com.qalegendbilling.testscript.LoginTest" name="TC_004_verifyRememberMeCheckBox" time="0.0">
    <ignored/>
  </testcase> <!-- TC_004_verifyRememberMeCheckBox -->
  <testcase classname="com.qalegendbilling.testscript.LoginTest" name="TC_003_verifyInvalidUserCredentials" time="0.0">
    <ignored/>
  </testcase> <!-- TC_003_verifyInvalidUserCredentials -->
</testsuite> <!-- parameter testing grouping -->
