<?xml version="1.0" encoding="UTF-8"?>
<!-- Generated by org.testng.reporters.JUnitXMLReporter -->
<testsuite ignored="3" hostname="DESKTOP-TTSDGRR" failures="0" tests="1" name="Default test" time="27.536" errors="0" timestamp="2023-05-08T11:35:10 IST">
  <testcase classname="com.qalegendbilling.testscript.RolesTest" name="TC_023_verifyUserCanAddRoles" time="14.101"/>
  <testcase classname="com.qalegendbilling.testscript.RolesTest" name="TC_026_verifyUserCanDeleteARole" time="0.0">
    <ignored/>
  </testcase> <!-- TC_026_verifyUserCanDeleteARole -->
  <testcase classname="com.qalegendbilling.testscript.RolesTest" name="TC_022_verifyAddRolesPageTitle" time="0.0">
    <ignored/>
  </testcase> <!-- TC_022_verifyAddRolesPageTitle -->
  <testcase classname="com.qalegendbilling.testscript.RolesTest" name="TC_024_verifyEditRolePageTitle" time="0.0">
    <ignored/>
  </testcase> <!-- TC_024_verifyEditRolePageTitle -->
</testsuite> <!-- Default test -->
