<?xml version="1.0" encoding="UTF-8"?>
<!-- Generated by org.testng.reporters.JUnitXMLReporter -->
<testsuite ignored="2" hostname="DESKTOP-TTSDGRR" failures="0" tests="1" name="chrome-parallel testing-methods" time="22.347" errors="0" timestamp="2023-04-26T17:16:22 IST">
  <testcase classname="com.qalegendbilling.testscript.HomeTest" name="TC_006_verifyHomePageTitle" time="5.558"/>
  <testcase classname="com.qalegendbilling.testscript.HomeTest" name="TC_008_verifyWhetherUserIsAbleToSignout" time="0.0">
    <ignored/>
  </testcase> <!-- TC_008_verifyWhetherUserIsAbleToSignout -->
  <testcase classname="com.qalegendbilling.testscript.HomeTest" name="TC_009_verifyUserManagementSubTabs" time="0.0">
    <ignored/>
  </testcase> <!-- TC_009_verifyUserManagementSubTabs -->
</testsuite> <!-- chrome-parallel testing-methods -->
