<?xml version="1.0" encoding="UTF-8"?>
<!-- Generated by org.testng.reporters.JUnitXMLReporter -->
<testsuite ignored="3" hostname="DESKTOP-TTSDGRR" failures="0" tests="1" name="chrome-parallel testing-classes" time="19.151" errors="0" timestamp="2023-05-05T18:31:47 IST">
  <testcase classname="com.qalegendbilling.testscript.HomeTest" name="TC_006_verifyHomePageTitle" time="5.478"/>
  <testcase classname="com.qalegendbilling.testscript.HomeTest" name="TC_009_verifyUserManagementSubTabs" time="0.0">
    <ignored/>
  </testcase> <!-- TC_009_verifyUserManagementSubTabs -->
  <testcase classname="com.qalegendbilling.testscript.HomeTest" name="TC_021_verifyRolesPageTitle" time="0.0">
    <ignored/>
  </testcase> <!-- TC_021_verifyRolesPageTitle -->
  <testcase classname="com.qalegendbilling.testscript.HomeTest" name="TC_008_verifyWhetherUserIsAbleToSignout" time="0.0">
    <ignored/>
  </testcase> <!-- TC_008_verifyWhetherUserIsAbleToSignout -->
</testsuite> <!-- chrome-parallel testing-classes -->
