<?xml version="1.0" encoding="UTF-8"?>
<!-- Generated by org.testng.reporters.JUnitXMLReporter -->
<testsuite ignored="2" hostname="DESKTOP-TTSDGRR" failures="0" tests="1" name="chrome-parallel testing-classes" time="15.17" errors="0" timestamp="2023-04-25T19:46:16 IST">
  <testcase classname="com.qalegendbilling.testscript.HomeTest" name="TC_006_verifyHomePageTitle" time="5.224"/>
  <testcase classname="com.qalegendbilling.testscript.HomeTest" name="TC_008_verifyWhetherUserIsAbleToSignout" time="0.0">
    <ignored/>
  </testcase> <!-- TC_008_verifyWhetherUserIsAbleToSignout -->
  <testcase classname="com.qalegendbilling.testscript.HomeTest" name="TC_009_verifyUserManagementSubTabs" time="0.0">
    <ignored/>
  </testcase> <!-- TC_009_verifyUserManagementSubTabs -->
</testsuite> <!-- chrome-parallel testing-classes -->
