<?xml version="1.0" encoding="UTF-8"?>
<!-- Generated by org.testng.reporters.JUnitXMLReporter -->
<testsuite ignored="4" hostname="DESKTOP-TTSDGRR" failures="0" tests="3" name="edge-parallel testing-classes" time="56.206" errors="0" timestamp="2023-04-25T19:47:12 IST">
  <testcase classname="com.qalegendbilling.testscript.LoginTest" name="TC_003_verifyInvalidUserCredentials" time="1.511"/>
  <testcase classname="com.qalegendbilling.testscript.LoginTest" name="TC_003_verifyInvalidUserCredentials" time="1.396"/>
  <testcase classname="com.qalegendbilling.testscript.LoginTest" name="TC_003_verifyInvalidUserCredentials" time="1.351"/>
  <testcase classname="com.qalegendbilling.testscript.LoginTest" name="TC_001_verifyLoginPageTitle" time="0.0">
    <ignored/>
  </testcase> <!-- TC_001_verifyLoginPageTitle -->
  <testcase classname="com.qalegendbilling.testscript.LoginTest" name="TC_004_verifyRememberMeCheckBox" time="0.0">
    <ignored/>
  </testcase> <!-- TC_004_verifyRememberMeCheckBox -->
  <testcase classname="com.qalegendbilling.testscript.LoginTest" name="TC_005_verifyResetPassword" time="0.0">
    <ignored/>
  </testcase> <!-- TC_005_verifyResetPassword -->
  <testcase classname="com.qalegendbilling.testscript.LoginTest" name="TC_002_verifyUserLoginWithValidUserCredentials" time="0.0">
    <ignored/>
  </testcase> <!-- TC_002_verifyUserLoginWithValidUserCredentials -->
</testsuite> <!-- edge-parallel testing-classes -->
