<?xml version="1.0" encoding="UTF-8"?>
<!-- Generated by org.testng.reporters.JUnitXMLReporter -->
<testsuite ignored="4" hostname="DESKTOP-TTSDGRR" failures="0" tests="1" name="chrome test" time="30.903" errors="0" timestamp="2023-04-25T19:39:23 IST">
  <testcase classname="com.qalegendbilling.testscript.LoginTest" name="TC_002_verifyUserLoginWithValidUserCredentials" time="11.916"/>
  <testcase classname="com.qalegendbilling.testscript.LoginTest" name="TC_005_verifyResetPassword" time="0.0">
    <ignored/>
  </testcase> <!-- TC_005_verifyResetPassword -->
  <testcase classname="com.qalegendbilling.testscript.LoginTest" name="TC_001_verifyLoginPageTitle" time="0.0">
    <ignored/>
  </testcase> <!-- TC_001_verifyLoginPageTitle -->
  <testcase classname="com.qalegendbilling.testscript.LoginTest" name="TC_003_verifyInvalidUserCredentials" time="0.0">
    <ignored/>
  </testcase> <!-- TC_003_verifyInvalidUserCredentials -->
  <testcase classname="com.qalegendbilling.testscript.LoginTest" name="TC_004_verifyRememberMeCheckBox" time="0.0">
    <ignored/>
  </testcase> <!-- TC_004_verifyRememberMeCheckBox -->
</testsuite> <!-- chrome test -->
