<?xml version="1.0" encoding="UTF-8"?>
<!-- Generated by org.testng.reporters.JUnitXMLReporter -->
<testsuite ignored="4" hostname="DESKTOP-TTSDGRR" failures="0" tests="3" name="FireFox test" time="73.328" errors="0" timestamp="2023-04-25T19:40:36 IST">
  <testcase classname="com.qalegendbilling.testscript.LoginTest" name="TC_003_verifyInvalidUserCredentials" time="1.813"/>
  <testcase classname="com.qalegendbilling.testscript.LoginTest" name="TC_003_verifyInvalidUserCredentials" time="1.45"/>
  <testcase classname="com.qalegendbilling.testscript.LoginTest" name="TC_003_verifyInvalidUserCredentials" time="1.457"/>
  <testcase classname="com.qalegendbilling.testscript.LoginTest" name="TC_005_verifyResetPassword" time="0.0">
    <ignored/>
  </testcase> <!-- TC_005_verifyResetPassword -->
  <testcase classname="com.qalegendbilling.testscript.LoginTest" name="TC_001_verifyLoginPageTitle" time="0.0">
    <ignored/>
  </testcase> <!-- TC_001_verifyLoginPageTitle -->
  <testcase classname="com.qalegendbilling.testscript.LoginTest" name="TC_002_verifyUserLoginWithValidUserCredentials" time="0.0">
    <ignored/>
  </testcase> <!-- TC_002_verifyUserLoginWithValidUserCredentials -->
  <testcase classname="com.qalegendbilling.testscript.LoginTest" name="TC_004_verifyRememberMeCheckBox" time="0.0">
    <ignored/>
  </testcase> <!-- TC_004_verifyRememberMeCheckBox -->
</testsuite> <!-- FireFox test -->
