<?xml version="1.0" encoding="UTF-8"?>
<testng-results ignored="3" total="4" passed="1" failed="0" skipped="0">
  <reporter-output>
  </reporter-output>
  <suite started-at="2023-05-08T11:34:43 IST" name="Default suite" finished-at="2023-05-08T11:35:10 IST" duration-ms="27536">
    <groups>
      <group name="Sanity">
        <method signature="RolesTest.TC_023_verifyUserCanAddRoles()[pri:1, instance:com.qalegendbilling.testscript.RolesTest@5a37d3ed]" name="TC_023_verifyUserCanAddRoles" class="com.qalegendbilling.testscript.RolesTest"/>
      </group> <!-- Sanity -->
    </groups>
    <test started-at="2023-05-08T11:34:43 IST" name="Default test" finished-at="2023-05-08T11:35:10 IST" duration-ms="27536">
      <class name="com.qalegendbilling.testscript.RolesTest">
        <test-method is-config="true" signature="setExtent(org.testng.ITestContext)[pri:0, instance:com.qalegendbilling.testscript.RolesTest@5a37d3ed]" started-at="2023-05-08T11:34:43 IST" name="setExtent" finished-at="2023-05-08T11:34:43 IST" duration-ms="28" status="PASS">
          <params>
            <param index="0">
              <value>
                <![CDATA[org.testng.TestRunner@9f674ac]]>
              </value>
            </param>
          </params>
          <reporter-output>
          </reporter-output>
        </test-method> <!-- setExtent -->
        <test-method is-config="true" signature="setUP()[pri:0, instance:com.qalegendbilling.testscript.RolesTest@5a37d3ed]" started-at="2023-05-08T11:34:43 IST" name="setUP" finished-at="2023-05-08T11:34:56 IST" duration-ms="13362" status="PASS">
          <reporter-output>
          </reporter-output>
        </test-method> <!-- setUP -->
        <test-method signature="TC_023_verifyUserCanAddRoles()[pri:1, instance:com.qalegendbilling.testscript.RolesTest@5a37d3ed]" started-at="2023-05-08T11:34:56 IST" name="TC_023_verifyUserCanAddRoles" description="TC023 verify Use Can Add Roles" finished-at="2023-05-08T11:35:10 IST" duration-ms="14101" status="PASS">
          <reporter-output>
          </reporter-output>
        </test-method> <!-- TC_023_verifyUserCanAddRoles -->
        <test-method is-config="true" signature="tearDown(org.testng.ITestResult)[pri:0, instance:com.qalegendbilling.testscript.RolesTest@5a37d3ed]" started-at="2023-05-08T11:35:10 IST" name="tearDown" finished-at="2023-05-08T11:35:10 IST" duration-ms="4" status="PASS">
          <params>
            <param index="0">
              <value>
                <![CDATA[[TestResult name=TC_023_verifyUserCanAddRoles status=SUCCESS method=RolesTest.TC_023_verifyUserCanAddRoles()[pri:1, instance:com.qalegendbilling.testscript.RolesTest@5a37d3ed] output={null}]]]>
              </value>
            </param>
          </params>
          <reporter-output>
          </reporter-output>
        </test-method> <!-- tearDown -->
      </class> <!-- com.qalegendbilling.testscript.RolesTest -->
    </test> <!-- Default test -->
  </suite> <!-- Default suite -->
</testng-results>
