<?xml version="1.0" encoding="UTF-8"?>
<!-- Generated by org.testng.reporters.JUnitXMLReporter -->
<testsuite ignored="4" hostname="DESKTOP-TTSDGRR" failures="0" tests="3" name="edge-parallel testing-test" time="54.476" errors="0" timestamp="2023-04-25T20:05:06 IST">
  <testcase classname="com.qalegendbilling.testscript.LoginTest" name="TC_003_verifyInvalidUserCredentials" time="1.5"/>
  <testcase classname="com.qalegendbilling.testscript.LoginTest" name="TC_003_verifyInvalidUserCredentials" time="1.497"/>
  <testcase classname="com.qalegendbilling.testscript.LoginTest" name="TC_003_verifyInvalidUserCredentials" time="1.433"/>
  <testcase classname="com.qalegendbilling.testscript.LoginTest" name="TC_001_verifyLoginPageTitle" time="0.0">
    <ignored/>
  </testcase> <!-- TC_001_verifyLoginPageTitle -->
  <testcase classname="com.qalegendbilling.testscript.LoginTest" name="TC_004_verifyRememberMeCheckBox" time="0.0">
    <ignored/>
  </testcase> <!-- TC_004_verifyRememberMeCheckBox -->
  <testcase classname="com.qalegendbilling.testscript.LoginTest" name="TC_005_verifyResetPassword" time="0.0">
    <ignored/>
  </testcase> <!-- TC_005_verifyResetPassword -->
  <testcase classname="com.qalegendbilling.testscript.LoginTest" name="TC_002_verifyUserLoginWithValidUserCredentials" time="0.0">
    <ignored/>
  </testcase> <!-- TC_002_verifyUserLoginWithValidUserCredentials -->
</testsuite> <!-- edge-parallel testing-test -->
