<?xml version="1.0" encoding="UTF-8"?>
<!-- Generated by org.testng.reporters.JUnitXMLReporter -->
<testsuite ignored="5" hostname="DESKTOP-TTSDGRR" failures="0" tests="1" name="FireFox-parallel testing-test" time="17.791" errors="0" timestamp="2023-05-05T18:08:58 IST">
  <testcase classname="com.qalegendbilling.testscript.LoginTest" name="TC_001_verifyLoginPageTitle" time="0.425"/>
  <testcase classname="com.qalegendbilling.testscript.LoginTest" name="TC_002_verifyUserLoginWithValidUserCredentials" time="0.0">
    <ignored/>
  </testcase> <!-- TC_002_verifyUserLoginWithValidUserCredentials -->
  <testcase classname="com.qalegendbilling.testscript.LoginTest" name="TC_014_verifyUserLoginWithNewUser" time="0.0">
    <ignored/>
  </testcase> <!-- TC_014_verifyUserLoginWithNewUser -->
  <testcase classname="com.qalegendbilling.testscript.LoginTest" name="TC_004_verifyRememberMeCheckBox" time="0.0">
    <ignored/>
  </testcase> <!-- TC_004_verifyRememberMeCheckBox -->
  <testcase classname="com.qalegendbilling.testscript.LoginTest" name="TC_005_verifyResetPassword" time="0.0">
    <ignored/>
  </testcase> <!-- TC_005_verifyResetPassword -->
  <testcase classname="com.qalegendbilling.testscript.LoginTest" name="TC_003_verifyInvalidUserCredentials" time="0.0">
    <ignored/>
  </testcase> <!-- TC_003_verifyInvalidUserCredentials -->
</testsuite> <!-- FireFox-parallel testing-test -->
